# JRE version: Java(TM) SE Runtime Environment 18.9 (11.0.23+7) (build 11.0.23+7-LTS-222)
# Java VM: Java HotSpot(TM) 64-Bit Server VM 18.9 (11.0.23+7-LTS-222, mixed mode, tiered, compressed oops, g1 gc, windows-amd64)
Heap:
 garbage-first heap   total 98304K, used 19537K [0x00000000c1800000, 0x0000000100000000)
  region size 1024K, 8 young (8192K), 4 survivors (4096K)
 Metaspace       used 34896K, capacity 35965K, committed 36216K, reserved 1081344K
  class space    used 4205K, capacity 4652K, committed 4736K, reserved 1048576K
GC Heap History (10 events):
Event: 6.850 GC heap before
{Heap before GC invocations=7 (full 0):
 garbage-first heap   total 78848K, used 38111K [0x00000000c1800000, 0x0000000100000000)
  region size 1024K, 30 young (30720K), 3 survivors (3072K)
 Metaspace       used 24500K, capacity 25299K, committed 25472K, reserved 1071104K
  class space    used 2788K, capacity 3119K, committed 3200K, reserved 1048576K
}
Event: 6.908 GC heap after
{Heap after GC invocations=8 (full 0):
 garbage-first heap   total 78848K, used 12334K [0x00000000c1800000, 0x0000000100000000)
  region size 1024K, 3 young (3072K), 3 survivors (3072K)
 Metaspace       used 24500K, capacity 25299K, committed 25472K, reserved 1071104K
  class space    used 2788K, capacity 3119K, committed 3200K, reserved 1048576K
}
Event: 7.724 GC heap before
{Heap before GC invocations=8 (full 0):
 garbage-first heap   total 78848K, used 42030K [0x00000000c1800000, 0x0000000100000000)
  region size 1024K, 33 young (33792K), 3 survivors (3072K)
 Metaspace       used 28452K, capacity 29267K, committed 29568K, reserved 1075200K
  class space    used 3296K, capacity 3658K, committed 3712K, reserved 1048576K
}
Event: 7.733 GC heap after
{Heap after GC invocations=9 (full 0):
 garbage-first heap   total 78848K, used 13444K [0x00000000c1800000, 0x0000000100000000)
  region size 1024K, 4 young (4096K), 4 survivors (4096K)
 Metaspace       used 28452K, capacity 29267K, committed 29568K, reserved 1075200K
  class space    used 3296K, capacity 3658K, committed 3712K, reserved 1048576K
}
Event: 9.332 GC heap before
{Heap before GC invocations=9 (full 0):
 garbage-first heap   total 78848K, used 45188K [0x00000000c1800000, 0x0000000100000000)
  region size 1024K, 36 young (36864K), 4 survivors (4096K)
 Metaspace       used 30227K, capacity 31152K, committed 31232K, reserved 1077248K
  class space    used 3466K, capacity 3833K, committed 3840K, reserved 1048576K
}
Event: 9.347 GC heap after
{Heap after GC invocations=10 (full 0):
 garbage-first heap   total 78848K, used 14800K [0x00000000c1800000, 0x0000000100000000)
  region size 1024K, 4 young (4096K), 4 survivors (4096K)
 Metaspace       used 30227K, capacity 31152K, committed 31232K, reserved 1077248K
  class space    used 3466K, capacity 3833K, committed 3840K, reserved 1048576K
}
Event: 11.714 GC heap before
{Heap before GC invocations=10 (full 0):
 garbage-first heap   total 78848K, used 52688K [0x00000000c1800000, 0x0000000100000000)
  region size 1024K, 41 young (41984K), 4 survivors (4096K)
 Metaspace       used 33548K, capacity 34540K, committed 34688K, reserved 1079296K
  class space    used 4016K, capacity 4457K, committed 4480K, reserved 1048576K
}
Event: 11.738 GC heap after
{Heap after GC invocations=11 (full 0):
 garbage-first heap   total 78848K, used 15533K [0x00000000c1800000, 0x0000000100000000)
  region size 1024K, 4 young (4096K), 4 survivors (4096K)
 Metaspace       used 33548K, capacity 34540K, committed 34688K, reserved 1079296K
  class space    used 4016K, capacity 4457K, committed 4480K, reserved 1048576K
}
Event: 12.319 GC heap before
{Heap before GC invocations=11 (full 0):
 garbage-first heap   total 78848K, used 29869K [0x00000000c1800000, 0x0000000100000000)
  region size 1024K, 19 young (19456K), 4 survivors (4096K)
 Metaspace       used 34528K, capacity 35517K, committed 35584K, reserved 1081344K
  class space    used 4159K, capacity 4588K, committed 4608K, reserved 1048576K
}
Event: 12.339 GC heap after
{Heap after GC invocations=12 (full 0):
 garbage-first heap   total 98304K, used 16465K [0x00000000c1800000, 0x0000000100000000)
  region size 1024K, 4 young (4096K), 4 survivors (4096K)
 Metaspace       used 34528K, capacity 35517K, committed 35584K, reserved 1081344K
  class space    used 4159K, capacity 4588K, committed 4608K, reserved 1048576K
}

